[2015-04-04 21:27:49] START
[2015-04-04 21:40:58] EDIT shop/models/db.py: 3
[2015-04-04 21:43:23] EDIT shop/models/db.py: 0
[2015-04-04 21:44:18] EDIT shop/models/db.py: -1
[2015-04-04 22:01:52] EDIT shop/models/db.py: 2
[2015-04-04 22:03:08] EDIT shop/models/db.py: 0
[2015-04-04 22:03:39] EDIT shop/models/db.py: -1
[2015-04-04 22:04:11] EDIT shop/models/db.py: -1
[2015-04-04 22:05:37] EDIT shop/models/db.py: 0
[2015-04-04 22:06:27] EDIT shop/models/db.py: 0
[2015-04-04 22:07:25] EDIT shop/models/db.py: 0
[2015-04-04 22:07:57] CREATE form.html: 0
[2015-04-04 22:09:19] EDIT shop/views/form.html: 3
[2015-04-04 22:12:14] EDIT shop/controllers/default.py: -43
[2015-04-04 22:12:27] EDIT shop/controllers/default.py: 0
[2015-04-04 22:12:30] EDIT shop/controllers/default.py: 0
[2015-04-04 22:12:31] EDIT shop/controllers/default.py: 0
[2015-04-04 22:12:31] EDIT shop/controllers/default.py: 0
[2015-04-04 22:12:32] EDIT shop/controllers/default.py: 0
[2015-04-04 22:12:33] EDIT shop/controllers/default.py: 0
[2015-04-04 22:12:33] EDIT shop/controllers/default.py: 0
[2015-04-04 22:12:33] EDIT shop/controllers/default.py: 0
[2015-04-04 22:12:33] EDIT shop/controllers/default.py: 0
[2015-04-04 22:12:34] EDIT shop/controllers/default.py: 0
[2015-04-04 22:12:34] EDIT shop/controllers/default.py: 0
[2015-04-04 22:12:42] EDIT shop/controllers/default.py: 1
[2015-04-04 22:20:00] CREATE default/display_form.html: 0
[2015-04-04 22:20:32] EDIT shop/views/default/display_form.html: 0
[2015-04-04 22:21:23] EDIT shop/views/default/display_form.html: -1
[2015-04-04 22:23:20] EDIT shop/views/default/display_form.html: 6
[2015-04-04 22:23:56] EDIT shop/views/default/display_form.html: -1
[2015-04-04 22:24:17] EDIT shop/views/default/display_form.html: -1
[2015-04-04 22:34:36] EDIT shop/models/db.py: 0
[2015-04-04 22:35:48] EDIT shop/models/db.py: 0
[2015-04-04 22:36:03] EDIT shop/models/db.py: 0
[2015-04-04 23:40:12] EDIT shop/controllers/default.py: 2
[2015-04-04 23:40:32] CREATE main_page.html: 0
[2015-04-04 23:46:38] EDIT shop/views/main_page.html: 8
[2015-04-04 23:46:57] EDIT shop/views/main_page.html: 0
[2015-04-04 23:47:36] EDIT shop/views/main_page.html: -1
[2015-04-04 23:51:00] DELETE shop/views/main_page.html: -10
[2015-04-04 23:51:15] CREATE default/main_page.html: 0
[2015-04-04 23:51:30] EDIT shop/views/default/main_page.html: 7
[2015-04-04 23:54:22] CREATE main_page.css: 0
[2015-04-04 23:55:00] EDIT shop/static/main_page.css: 11
[2015-04-04 23:56:17] EDIT shop/views/default/main_page.html: 2
[2015-04-04 23:57:07] DELETE shop/static/main_page.css.bak: 0
[2015-04-04 23:57:22] DELETE shop/static/main_page.css: -11
[2015-04-04 23:57:35] CREATE default/main_page.css: 0
[2015-04-04 23:57:55] EDIT shop/static/default/main_page.css: 11
[2015-04-04 23:58:28] CREATE css/main_page.css: 0
[2015-04-04 23:58:39] EDIT shop/static/css/main_page.css: 11
[2015-04-05 00:00:26] EDIT shop/static/css/main_page.css: 0
[2015-04-05 00:02:52] EDIT shop/views/default/main_page.html: 0
[2015-04-05 00:04:58] EDIT shop/views/default/main_page.html: 4
[2015-04-07 22:04:26] EDIT shop/views/default/main_page.html: 0
[2015-04-07 22:09:55] EDIT shop/models/db.py: 1
[2015-04-07 22:10:03] EDIT shop/models/db.py: 0
[2015-04-07 22:10:22] EDIT shop/models/db.py: -1
[2015-04-07 22:10:26] EDIT shop/models/db.py: 0
[2015-04-07 22:10:28] EDIT shop/models/db.py: 0
[2015-04-07 22:10:29] EDIT shop/models/db.py: 0
[2015-04-07 22:10:29] EDIT shop/models/db.py: 0
[2015-04-07 22:10:29] EDIT shop/models/db.py: 0
[2015-04-07 22:10:30] EDIT shop/models/db.py: 0
[2015-04-07 22:10:30] EDIT shop/models/db.py: 0
[2015-04-07 22:10:30] EDIT shop/models/db.py: 0
[2015-04-07 22:10:30] EDIT shop/models/db.py: 0
[2015-04-07 22:10:30] EDIT shop/models/db.py: 0
[2015-04-07 22:10:30] EDIT shop/models/db.py: 0
[2015-04-07 22:10:31] EDIT shop/models/db.py: 0
[2015-04-07 22:15:51] CREATE default/electronics.html: 0
[2015-04-07 22:16:35] EDIT shop/views/default/electronics.html: 0
[2015-04-07 22:17:01] CREATE default/womenclothing.html: 0
[2015-04-07 22:22:23] EDIT shop/views/default/womenclothing.html: 15
[2015-04-07 22:23:37] EDIT shop/models/db.py: 0
[2015-04-07 22:24:51] EDIT shop/controllers/default.py: 2
[2015-04-07 22:26:33] EDIT shop/views/default/main_page.html: 0
[2015-04-07 22:27:37] CREATE default/menclothing.html: 0
[2015-04-07 22:32:50] EDIT shop/views/default/menclothing.html: 16
[2015-04-07 22:33:16] EDIT shop/controllers/default.py: 2
[2015-04-07 22:34:46] EDIT shop/views/default/menclothing.html: 4
[2015-04-07 22:35:34] EDIT shop/views/default/menclothing.html: 3
[2015-04-07 22:37:32] EDIT shop/views/default/womenclothing.html: 4
[2015-04-07 22:38:44] EDIT shop/views/default/main_page.html: 0
[2015-04-07 23:10:07] EDIT shop/views/default/electronics.html: 19
[2015-04-07 23:10:35] EDIT shop/controllers/default.py: 2
[2015-04-08 13:29:27] EDIT shop/controllers/default.py: 44
[2015-04-08 13:29:40] EDIT shop/controllers/default.py: 0
[2015-04-08 13:30:47] EDIT shop/controllers/default.py: 2
[2015-04-08 13:32:31] EDIT shop/controllers/default.py: 1
[2015-04-08 13:32:41] EDIT shop/controllers/default.py: 0
[2015-04-08 13:37:07] EDIT shop/controllers/default.py: 8
[2015-04-08 13:37:22] EDIT shop/controllers/default.py: 0
[2015-04-08 13:58:22] EDIT shop/views/default/electronics.html: -9
[2015-04-08 15:54:16] EDIT shop/models/db.py: 2
[2015-04-08 16:02:35] EDIT shop/models/db.py: 0
[2015-04-08 16:09:14] EDIT shop/models/db.py: 0
[2015-04-08 16:09:27] EDIT shop/models/db.py: 0
[2015-04-08 16:20:25] EDIT shop/models/db.py: 0
[2015-04-08 16:27:57] EDIT shop/models/db.py: 0
[2015-04-08 16:31:45] EDIT shop/models/db.py: 6
[2015-04-08 16:53:46] EDIT shop/models/db.py: 5
[2015-04-08 16:55:44] EDIT shop/controllers/default.py: -6
[2015-04-08 16:55:59] EDIT shop/views/default/main_page.html: -3
[2015-04-08 17:00:01] EDIT shop/models/db.py: 2
[2015-04-08 17:02:23] EDIT shop/models/db.py: 0
[2015-04-08 17:03:25] EDIT shop/models/db.py: 0
[2015-04-10 14:36:54] EDIT shop/models/db.py: 0
[2015-04-10 15:18:13] EDIT shop/views/default/main_page.html: -1
[2015-04-10 15:21:31] EDIT shop/models/db.py: -1
[2015-04-10 15:24:40] EDIT shop/models/db.py: 9
[2015-04-10 15:25:10] EDIT shop/models/db.py: 0
[2015-04-10 15:27:22] EDIT shop/views/default/main_page.html: 0
[2015-04-10 15:33:10] EDIT shop/views/default/main_page.html: 0
[2015-04-10 15:34:03] EDIT shop/views/default/main_page.html: 0
[2015-04-10 15:38:33] EDIT shop/controllers/default.py: 3
[2015-04-10 15:38:42] EDIT shop/controllers/default.py: 0
[2015-04-10 15:39:07] CREATE default/sarees.html: 0
[2015-04-10 15:40:24] EDIT shop/views/default/sarees.html: -1
[2015-04-10 15:44:52] EDIT shop/views/default/sarees.html: 8
[2015-04-10 15:45:30] EDIT shop/views/default/sarees.html: 1
[2015-04-10 15:47:12] EDIT shop/views/default/sarees.html: 0
[2015-04-10 15:50:39] EDIT shop/views/default/sarees.html: 0
[2015-04-10 15:51:00] EDIT shop/views/default/sarees.html: 0
[2015-04-10 15:51:53] EDIT shop/views/default/sarees.html: 0
[2015-04-10 15:53:56] EDIT shop/views/default/sarees.html: 1
[2015-04-10 15:54:23] EDIT shop/views/default/sarees.html: 0
[2015-04-10 15:58:57] EDIT shop/views/default/sarees.html: 0
[2015-04-10 15:59:41] EDIT shop/views/default/sarees.html: 0
[2015-04-10 16:00:01] EDIT shop/views/default/sarees.html: 0
[2015-04-10 16:00:22] EDIT shop/views/default/sarees.html: 0
[2015-04-10 16:02:34] EDIT shop/views/default/sarees.html: 0
[2015-04-10 16:07:17] EDIT shop/views/default/sarees.html: 1
[2015-04-10 16:07:51] EDIT shop/views/default/sarees.html: 1
[2015-04-10 16:08:09] EDIT shop/views/default/sarees.html: -2
[2015-04-10 16:11:50] EDIT shop/views/default/sarees.html: 1
[2015-04-10 16:12:49] EDIT shop/controllers/default.py: 2
[2015-04-10 16:13:09] EDIT shop/views/default/sarees.html: 0
[2015-04-10 16:19:22] EDIT shop/views/default/sarees.html: 0
[2015-04-10 18:08:56] UPLOAD /home/ashi/web2py/applications/shop/static/images/noimage.jpeg: 8
[2015-04-10 18:10:39] EDIT shop/views/default/sarees.html: 0
[2015-04-10 18:11:25] EDIT shop/views/default/sarees.html: 0
[2015-04-10 18:12:03] EDIT shop/views/default/sarees.html: 0
[2015-04-10 18:19:30] UPLOAD /home/ashi/web2py/applications/shop/static/images/noimage.png: 8
[2015-04-10 18:19:52] EDIT shop/views/default/sarees.html: 0
[2015-04-10 18:20:11] EDIT shop/views/default/sarees.html: 0
[2015-04-10 18:21:13] EDIT shop/views/default/sarees.html: 0
[2015-04-10 18:25:33] EDIT shop/views/default/sarees.html: 0
[2015-04-10 18:27:02] EDIT shop/views/default/sarees.html: 4
[2015-04-10 18:27:59] EDIT shop/views/default/sarees.html: 0
[2015-04-10 18:28:21] EDIT shop/views/default/sarees.html: 0
[2015-04-10 18:28:47] EDIT shop/views/default/sarees.html: 0
[2015-04-10 18:30:05] EDIT shop/views/default/sarees.html: 0
[2015-04-10 18:37:02] EDIT shop/views/default/sarees.html: 1
[2015-04-10 18:38:34] EDIT shop/views/default/sarees.html: 0
[2015-04-10 18:39:15] EDIT shop/views/default/sarees.html: 0
[2015-04-10 18:40:41] EDIT shop/views/default/sarees.html: 2
[2015-04-10 18:41:35] EDIT shop/views/default/sarees.html: 0
[2015-04-10 18:44:50] EDIT shop/views/default/sarees.html: 0
[2015-04-10 18:46:09] EDIT shop/views/default/sarees.html: 3
[2015-04-10 21:22:17] CREATE default/kurti.html: 0
[2015-04-10 21:22:39] CREATE default/salwar_kameez.html: 0
[2015-04-10 21:23:03] CREATE default/mobile.html: 0
[2015-04-10 21:23:16] CREATE default/laptop.html: 0
[2015-04-10 21:23:29] CREATE default/jumpsuit.html: 0
[2015-04-10 21:23:46] CREATE default/books.html: 0
[2015-04-10 21:23:58] CREATE default/cameras.html: 0
[2015-04-10 21:24:11] CREATE default/dresses.html: 0
[2015-04-10 21:24:32] CREATE default/footwear.html: 0
[2015-04-10 21:24:54] CREATE default/television.html: 0
[2015-04-10 21:25:07] CREATE default/tops_tunics.html: 0
[2015-04-10 21:25:16] DELETE shop/views/default/tops_tunics.html: -3
[2015-04-10 21:25:33] CREATE default/tops_tunic.html: 0
[2015-04-10 21:27:26] EDIT shop/views/default/books.html: 20
[2015-04-10 21:28:54] EDIT shop/controllers/default.py: 1
[2015-04-10 21:30:39] EDIT shop/controllers/default.py: 6
[2015-04-10 21:34:37] EDIT shop/controllers/default.py: 24
[2015-04-10 21:35:58] EDIT shop/models/db.py: 0
[2015-04-10 21:36:13] EDIT shop/controllers/default.py: 0
[2015-04-10 21:38:09] EDIT shop/views/default/womenclothing.html: 0
[2015-04-10 21:38:18] EDIT shop/views/default/womenclothing.html: 0
[2015-04-10 21:40:28] CREATE default/book.html: 0
[2015-04-10 21:40:54] EDIT shop/views/default/book.html: 20
[2015-04-10 21:46:57] EDIT shop/controllers/default.py: 0
[2015-04-10 21:48:11] EDIT shop/controllers/default.py: 2
[2015-04-14 00:19:50] EDIT shop/views/default/main_page.html: 0
[2015-04-30 14:36:39] EDIT shop/views/default/book.html: 2
[2015-04-30 14:41:44] EDIT shop/controllers/default.py: 3
[2015-04-30 14:45:08] EDIT shop/controllers/default.py: 1
[2015-04-30 14:45:44] EDIT shop/views/default/book.html: 0
[2015-04-30 14:46:09] EDIT shop/views/default/book.html: 0
[2015-04-30 16:08:59] DELETE shop/views/default/books.html: -23
[2015-04-30 16:09:53] EDIT shop/views/default/sarees.html: 0
[2015-04-30 16:10:13] EDIT shop/controllers/default.py: 0
[2015-04-30 16:14:37] EDIT shop/views/default/book.html: 0
[2015-04-30 16:15:25] EDIT shop/controllers/default.py: 0
[2015-04-30 16:15:36] EDIT shop/views/default/book.html: 0
[2015-04-30 16:15:57] CREATE default/showbooks.html: 0
[2015-04-30 16:21:04] EDIT shop/views/default/showbooks.html: 23
[2015-04-30 16:21:42] EDIT shop/views/default/showbooks.html: -3
[2015-04-30 16:21:55] EDIT shop/views/default/showbooks.html: 0
[2015-04-30 16:23:07] EDIT shop/views/default/showbooks.html: 1
[2015-04-30 16:23:19] EDIT shop/views/default/showbooks.html: 0
[2015-04-30 16:23:57] EDIT shop/controllers/default.py: 0
[2015-04-30 16:25:28] EDIT shop/views/default/showbooks.html: -2
[2015-04-30 16:26:10] EDIT shop/views/default/showbooks.html: 0
[2015-04-30 16:26:59] EDIT shop/controllers/default.py: 0
[2015-04-30 16:27:13] EDIT shop/controllers/default.py: 0
[2015-05-01 12:01:26] EDIT shop/models/db.py: -2
[2015-05-01 12:06:08] EDIT shop/controllers/default.py: 0
[2015-05-01 12:56:58] EDIT shop/controllers/default.py: 0
[2015-05-01 13:02:54] EDIT shop/controllers/default.py: 0
[2015-05-01 13:03:39] EDIT shop/controllers/default.py: 0
[2015-05-01 13:04:10] EDIT shop/views/default/showbooks.html: 0
[2015-05-01 13:04:53] EDIT shop/views/default/showbooks.html: 0
[2015-05-01 13:08:48] EDIT shop/views/default/showbooks.html: 0
[2015-05-01 13:12:35] EDIT shop/models/db.py: 1
[2015-05-01 13:14:52] EDIT shop/models/db.py: 0
[2015-05-02 10:32:25] EDIT shop/controllers/default.py: 5
[2015-05-02 10:32:39] EDIT shop/views/default/cameras.html: 21
[2015-05-02 10:41:44] EDIT shop/controllers/default.py: 0
[2015-05-02 10:45:34] EDIT shop/views/default/cameras.html: 1
[2015-05-02 11:08:04] EDIT shop/views/default/jumpsuit.html: 22
[2015-05-02 11:09:11] EDIT shop/controllers/default.py: 3
[2015-05-02 11:09:40] CREATE default/showjumpsuit.html: 0
[2015-05-02 11:11:08] EDIT shop/views/default/showjumpsuit.html: 19
[2015-05-02 11:11:24] EDIT shop/views/default/jumpsuit.html: 0
[2015-05-02 11:17:49] EDIT shop/views/default/womenclothing.html: 0
[2015-05-02 11:19:23] EDIT shop/views/default/showjumpsuit.html: 1
[2015-05-02 11:20:00] EDIT shop/views/default/showbooks.html: 1
[2015-05-02 11:29:11] CREATE default/showcamera.html: 0
[2015-05-02 11:29:37] CREATE default/showtelevision.html: 0
[2015-05-02 11:30:42] CREATE default/showtops_tunic.html: 0
[2015-05-02 11:31:01] CREATE default/showdresses.html: 0
[2015-05-02 11:31:19] CREATE default/showlaptop.html: 0
[2015-05-02 11:32:43] CREATE default/showkurti.html: 0
[2015-05-02 11:33:00] CREATE default/showfootwear.html: 0
[2015-05-02 11:33:17] CREATE default/showmobile.html: 0
[2015-05-02 11:33:48] CREATE default/showsalwar_kameez.html: 0
[2015-05-02 11:44:59] EDIT shop/views/default/showcamera.html: 20
[2015-05-02 11:45:16] EDIT shop/views/default/showdresses.html: 20
[2015-05-02 11:45:33] EDIT shop/views/default/showfootwear.html: 20
[2015-05-02 11:45:53] EDIT shop/views/default/showkurti.html: 20
[2015-05-02 11:46:34] EDIT shop/views/default/showlaptop.html: 20
[2015-05-02 11:46:59] EDIT shop/views/default/showmobile.html: 20
[2015-05-02 11:47:35] EDIT shop/views/default/showsalwar_kameez.html: 20
[2015-05-02 11:52:34] EDIT shop/views/default/showbooks.html: 0
[2015-05-02 12:05:07] EDIT shop/views/default/showtops_tunic.html: 20
[2015-05-02 12:05:19] EDIT shop/views/default/showtops_tunic.html: 0
[2015-05-02 12:05:54] EDIT shop/views/default/showtelevision.html: 20
[2015-05-02 12:09:34] EDIT shop/views/default/tops_tunic.html: 22
[2015-05-02 12:10:11] EDIT shop/views/default/television.html: 22
[2015-05-02 12:10:35] EDIT shop/views/default/salwar_kameez.html: 22
[2015-05-02 12:11:02] EDIT shop/views/default/mobile.html: 22
[2015-05-02 12:11:20] EDIT shop/views/default/laptop.html: 22
[2015-05-02 12:11:38] EDIT shop/views/default/kurti.html: 22
[2015-05-02 12:12:05] EDIT shop/views/default/footwear.html: 22
[2015-05-02 12:12:55] EDIT shop/views/default/dresses.html: 22
[2015-05-02 12:19:36] EDIT shop/controllers/default.py: 8
[2015-05-02 12:20:06] EDIT shop/controllers/default.py: 3
[2015-05-02 12:20:28] EDIT shop/controllers/default.py: 3
[2015-05-02 12:20:52] EDIT shop/controllers/default.py: 0
[2015-05-02 12:21:34] EDIT shop/controllers/default.py: 3
[2015-05-02 12:22:00] EDIT shop/controllers/default.py: 3
[2015-05-02 12:22:33] EDIT shop/controllers/default.py: 3
[2015-05-02 12:24:36] EDIT shop/controllers/default.py: -2
[2015-05-02 12:29:17] EDIT shop/controllers/default.py: 3
[2015-05-02 12:30:12] EDIT shop/controllers/default.py: 0
[2015-05-02 12:36:13] EDIT shop/controllers/default.py: 0
[2015-05-02 13:01:16] EDIT shop/controllers/default.py: 0
[2015-05-02 13:02:10] EDIT shop/controllers/default.py: 0
[2015-05-02 13:06:53] EDIT shop/views/default/showsalwar_kameez.html: 0
[2015-05-02 13:14:31] EDIT shop/views/default/footwear.html: 0
[2015-05-02 13:14:45] EDIT shop/views/default/showfootwear.html: 0
[2015-05-02 13:25:03] EDIT shop/controllers/default.py: 0
[2015-05-02 13:25:19] EDIT shop/controllers/default.py: 0
[2015-05-02 13:25:36] EDIT shop/views/default/electronics.html: 0
[2015-05-02 14:26:17] EDIT shop/models/db.py: -5
[2015-05-02 14:31:32] EDIT shop/controllers/default.py: -28
[2015-05-02 14:36:22] DELETE shop/views/default/electronics.html: -13
[2015-05-02 14:36:29] DELETE shop/views/default/cameras.html: -25
[2015-05-02 14:36:38] DELETE shop/views/default/laptop.html: -25
[2015-05-02 14:36:45] DELETE shop/views/default/mobile.html: -25
[2015-05-02 14:36:54] DELETE shop/views/default/showcamera.html: -23
[2015-05-02 14:37:02] DELETE shop/views/default/showlaptop.html: -23
[2015-05-02 14:37:15] DELETE shop/views/default/showtelevision.html: -23
[2015-05-02 14:37:30] DELETE shop/views/default/showmobile.html: -23
[2015-05-02 14:37:41] DELETE shop/views/default/television.html: -25
[2015-05-02 14:38:24] EDIT shop/views/default/main_page.html: -1
[2015-05-02 14:57:41] EDIT shop/controllers/default.py: 34
[2015-05-02 14:59:02] EDIT shop/controllers/default.py: 52
[2015-05-02 14:59:15] EDIT shop/controllers/default.py: 0
[2015-05-02 15:01:58] EDIT shop/controllers/default.py: 10
[2015-05-02 15:02:38] EDIT shop/controllers/default.py: 0
[2015-05-02 15:07:35] CREATE default/retailer_option.html: 0
[2015-05-02 15:07:56] EDIT shop/views/default/retailer_option.html: 14
[2015-05-02 15:09:38] EDIT shop/views/default/book.html: 1
[2015-05-02 15:10:48] EDIT shop/views/default/book.html: 0
[2015-05-02 15:10:58] EDIT shop/views/default/book.html: 1
[2015-05-02 15:24:36] EDIT shop/views/default/book.html: 0
[2015-05-02 15:36:07] EDIT shop/models/db.py: 1
[2015-05-02 15:36:37] EDIT shop/models/db.py: 0
[2015-05-02 15:45:34] EDIT shop/controllers/default.py: 8
[2015-05-02 15:46:27] EDIT shop/models/db.py: 0
[2015-05-02 15:47:48] EDIT shop/controllers/default.py: 0
[2015-05-02 15:48:48] EDIT shop/models/db.py: 0
[2015-05-02 15:49:24] EDIT shop/views/default/book.html: 0
[2015-05-02 15:51:09] EDIT shop/views/default/book.html: 0
[2015-05-02 16:06:19] EDIT shop/views/default/book.html: 0
[2015-05-02 16:06:41] EDIT shop/controllers/default.py: 0
[2015-05-02 16:07:18] EDIT shop/controllers/default.py: 0
[2015-05-02 16:14:56] EDIT shop/views/default/book.html: 0
[2015-05-02 16:15:27] EDIT shop/views/default/book.html: 0
[2015-05-02 16:17:57] EDIT shop/controllers/default.py: 1
[2015-05-02 16:19:01] EDIT shop/controllers/default.py: -1
[2015-05-02 16:23:17] EDIT shop/controllers/default.py: 1
[2015-05-02 16:26:01] EDIT shop/controllers/default.py: 4
[2015-05-02 16:26:07] EDIT shop/controllers/default.py: 0
[2015-05-02 16:27:02] EDIT shop/controllers/default.py: 4
[2015-05-02 17:04:26] EDIT shop/controllers/default.py: 4
[2015-05-02 17:05:58] EDIT shop/controllers/default.py: 4
[2015-05-02 17:06:56] EDIT shop/controllers/default.py: 4
[2015-05-02 17:07:33] EDIT shop/controllers/default.py: 4
[2015-05-02 17:09:06] EDIT shop/controllers/default.py: 4
[2015-05-02 17:12:40] EDIT shop/controllers/default.py: 0
[2015-05-02 17:47:21] EDIT shop/controllers/default.py: 1
[2015-05-02 17:47:45] EDIT shop/controllers/default.py: 0
[2015-05-02 17:53:14] EDIT shop/controllers/default.py: 0
[2015-05-02 17:54:34] EDIT shop/controllers/default.py: 1
[2015-05-02 17:55:48] EDIT shop/controllers/default.py: -1
[2015-05-02 18:02:05] EDIT shop/controllers/default.py: -1
[2015-05-02 18:03:21] EDIT shop/controllers/default.py: 0
[2015-05-02 18:04:56] EDIT shop/controllers/default.py: 0
[2015-05-02 18:07:46] EDIT shop/controllers/default.py: 1
[2015-05-02 18:08:47] EDIT shop/controllers/default.py: 0
[2015-05-02 18:10:54] EDIT shop/models/db.py: 0
[2015-05-02 18:25:58] EDIT shop/controllers/default.py: 4
[2015-05-02 18:40:33] EDIT shop/controllers/default.py: 0
[2015-05-02 18:42:37] EDIT shop/controllers/default.py: -1
[2015-05-02 22:03:09] EDIT shoppy/models/db.py: 0
[2015-05-02 22:05:48] EDIT shoppy/models/db.py: 1
[2015-05-02 22:11:26] EDIT shoppy/controllers/default.py: -17
[2015-05-02 22:14:04] EDIT shoppy/controllers/default.py: 3
[2015-05-02 22:17:56] EDIT shoppy/controllers/default.py: 0
[2015-05-02 22:22:08] EDIT shoppy/models/db.py: 0
[2015-05-02 22:22:15] EDIT shoppy/models/db.py: 0
[2015-05-02 22:23:12] EDIT shoppy/controllers/default.py: 0
[2015-05-02 22:23:24] EDIT shoppy/controllers/default.py: 1
[2015-05-02 22:23:30] EDIT shoppy/controllers/default.py: 0
[2015-05-02 22:26:15] EDIT shoppy/models/db.py: 0
[2015-05-02 22:27:10] EDIT shoppy/controllers/default.py: 0
[2015-05-02 22:27:22] EDIT shoppy/controllers/default.py: 0
[2015-05-02 22:27:28] EDIT shoppy/controllers/default.py: 0
[2015-05-02 22:29:23] EDIT shoppy/controllers/default.py: 0
[2015-05-02 22:30:13] EDIT shoppy/controllers/default.py: 0
[2015-05-02 23:17:06] EDIT shoppy/controllers/default.py: 3
[2015-05-02 23:23:15] EDIT shoppy/views/default/book.html: 0
[2015-05-02 23:25:37] EDIT shoppy/views/default/main_page.html: 0
[2015-05-02 23:28:21] EDIT shoppy/views/default/womenclothing.html: 0
[2015-05-02 23:28:43] EDIT shoppy/views/default/womenclothing.html: 0
[2015-05-02 23:29:30] EDIT shoppy/views/default/womenclothing.html: 0
[2015-05-02 23:31:06] EDIT shoppy/views/default/womenclothing.html: 0
[2015-05-02 23:35:55] EDIT shoppy/views/default/main_page.html: 0
[2015-05-02 23:45:37] EDIT shoppy/views/default/main_page.html: 0
[2015-05-02 23:46:35] EDIT shoppy/views/default/main_page.html: 0
[2015-05-02 23:50:25] EDIT shoppy/views/default/womenclothing.html: 0
[2015-05-02 23:51:07] EDIT shoppy/controllers/default.py: -3
[2015-05-02 23:53:48] EDIT shoppy/controllers/default.py: 0
[2015-05-02 23:56:01] EDIT shoppy/controllers/default.py: -1
[2015-05-02 23:58:10] EDIT shoppy/views/default/showsalwar_kameez.html: 0
[2015-05-02 23:58:42] EDIT shoppy/views/default/showtops_tunic.html: 0
[2015-05-02 23:58:54] EDIT shoppy/views/default/showdresses.html: 0
[2015-05-02 23:59:05] EDIT shoppy/views/default/showjumpsuit.html: 0
[2015-05-02 23:59:27] EDIT shoppy/views/default/showfootwear.html: 0
[2015-05-02 23:59:43] EDIT shoppy/views/default/showkurti.html: 0
[2015-05-03 00:01:29] EDIT shoppy/views/default/main_page.html: 0
[2015-05-03 00:02:50] EDIT shoppy/controllers/default.py: 0
[2015-05-03 00:10:31] EDIT shoppy/controllers/default.py: -2
[2015-05-03 00:16:23] EDIT shoppy/controllers/default.py: 0
[2015-05-03 00:17:22] EDIT shoppy/controllers/default.py: 0
[2015-05-03 00:17:54] EDIT shoppy/controllers/default.py: 0
[2015-05-03 00:18:33] EDIT shoppy/views/default/dresses.html: 0
[2015-05-03 00:18:49] EDIT shoppy/controllers/default.py: 0
[2015-05-03 00:25:06] EDIT shoppy/controllers/default.py: 1
[2015-05-03 00:25:55] EDIT shoppy/controllers/default.py: 1
[2015-05-03 00:26:05] EDIT shoppy/controllers/default.py: -1
[2015-05-03 00:32:35] EDIT shoppy/controllers/default.py: 0
[2015-05-03 00:32:36] EDIT shoppy/controllers/default.py: 0
[2015-05-03 00:32:36] EDIT shoppy/controllers/default.py: 0
[2015-05-03 00:32:37] EDIT shoppy/controllers/default.py: 0
[2015-05-03 00:32:37] EDIT shoppy/controllers/default.py: 0
[2015-05-03 00:32:37] EDIT shoppy/controllers/default.py: 0
[2015-05-03 00:32:37] EDIT shoppy/controllers/default.py: 0
[2015-05-03 00:32:47] EDIT shoppy/controllers/default.py: -1
[2015-05-03 00:33:05] EDIT shoppy/controllers/default.py: -42
[2015-05-03 00:34:00] EDIT shoppy/views/default/showbooks.html: 0
[2015-05-03 00:38:18] EDIT shoppy/controllers/default.py: 0
[2015-05-03 12:19:54] EDIT shoppy/controllers/default.py: 2
[2015-05-03 12:20:09] EDIT shoppy/controllers/default.py: -1
[2015-05-03 12:20:09] EDIT shoppy/controllers/default.py: 0
[2015-05-03 12:24:27] EDIT shoppy/controllers/default.py: 5
[2015-05-03 12:29:33] EDIT shoppy/controllers/default.py: 2
[2015-05-03 12:31:45] EDIT shoppy/models/db.py: 0
[2015-05-03 12:32:23] EDIT shoppy/controllers/default.py: 2
[2015-05-03 12:33:01] EDIT shoppy/controllers/default.py: 0
[2015-05-03 12:33:47] EDIT shoppy/controllers/default.py: -18
[2015-05-03 12:35:52] EDIT shoppy/views/default/jumpsuit.html: 0
[2015-05-03 12:36:07] EDIT shoppy/views/default/kurti.html: 0
[2015-05-03 12:36:28] EDIT shoppy/views/default/footwear.html: 0
[2015-05-03 12:36:44] EDIT shoppy/views/default/salwar_kameez.html: 0
[2015-05-03 12:36:57] EDIT shoppy/views/default/book.html: 0
[2015-05-03 12:37:11] EDIT shoppy/views/default/tops_tunic.html: 0
[2015-05-03 12:37:22] EDIT shoppy/views/default/sarees.html: 0
[2015-05-03 12:37:35] EDIT shoppy/views/default/dresses.html: 0
[2015-05-03 12:38:09] CREATE default/showitems.html: 0
[2015-05-03 12:39:13] EDIT shoppy/views/default/showitems.html: 20
[2015-05-03 12:40:01] EDIT shoppy/controllers/default.py: 0
[2015-05-03 12:40:08] EDIT shoppy/views/default/showbooks.html: 0
[2015-05-03 12:40:19] EDIT shoppy/views/default/showitems.html: 0
[2015-05-03 12:41:13] EDIT shoppy/views/default/showitems.html: 0
[2015-05-03 12:50:36] CREATE default/show_cart.html: 0
[2015-05-03 13:16:02] EDIT shoppy/views/default/show_cart.html: -2
[2015-05-03 13:19:58] EDIT shoppy/views/default/show_cart.html: 12
[2015-05-03 13:21:30] EDIT shoppy/views/default/main_page.html: 1
[2015-05-03 13:22:06] EDIT shoppy/views/default/main_page.html: 0
[2015-05-03 13:23:00] EDIT shoppy/views/default/show_cart.html: 0
[2015-05-03 13:23:49] EDIT shoppy/views/default/show_cart.html: 0
[2015-05-03 13:26:32] EDIT shoppy/controllers/default.py: 4
[2015-05-03 13:26:37] EDIT shoppy/views/default/show_cart.html: 0
[2015-05-03 13:26:46] EDIT shoppy/views/default/show_cart.html: 0
[2015-05-03 13:28:21] EDIT shoppy/views/default/show_cart.html: 1
[2015-05-03 13:31:57] EDIT shoppy/controllers/default.py: 0
[2015-05-03 13:32:33] EDIT shoppy/controllers/default.py: 0
[2015-05-03 13:34:59] EDIT shoppy/controllers/default.py: 0
[2015-05-03 13:35:19] EDIT shoppy/controllers/default.py: 0
[2015-05-03 13:35:32] EDIT shoppy/controllers/default.py: 0
[2015-05-03 13:36:21] EDIT shoppy/controllers/default.py: 0
[2015-05-03 13:37:33] EDIT shoppy/controllers/default.py: 0
[2015-05-03 13:39:24] EDIT shoppy/controllers/default.py: 0
[2015-05-03 13:40:58] EDIT shoppy/views/default/book.html: 0
[2015-05-03 13:41:19] EDIT shoppy/controllers/default.py: 0
[2015-05-03 13:41:24] EDIT shoppy/views/default/showitems.html: 0
[2015-05-03 13:44:22] EDIT shoppy/views/default/show_cart.html: 1
[2015-05-03 13:45:11] EDIT shoppy/controllers/default.py: -1
[2015-05-03 13:46:15] EDIT shoppy/controllers/default.py: 0
[2015-05-03 13:47:29] EDIT shoppy/views/default/show_cart.html: 0
[2015-05-03 13:47:52] EDIT shoppy/views/default/show_cart.html: -1
[2015-05-03 13:49:06] EDIT shoppy/views/default/show_cart.html: -7
[2015-05-03 13:51:37] EDIT shoppy/controllers/default.py: -3
[2015-05-03 14:31:50] EDIT shoppy/views/default/dresses.html: 1
[2015-05-03 14:33:36] EDIT shoppy/controllers/default.py: 3
[2015-05-03 14:34:53] EDIT shoppy/views/default/show_cart.html: 2
[2015-05-03 14:35:08] EDIT shoppy/views/default/show_cart.html: 1
[2015-05-03 14:35:23] EDIT shoppy/views/default/show_cart.html: 0
[2015-05-03 14:35:51] EDIT shoppy/controllers/default.py: 0
[2015-05-03 14:38:16] EDIT shoppy/views/default/show_cart.html: 0
[2015-05-03 14:43:11] EDIT shoppy/views/default/show_cart.html: 0
[2015-05-03 14:44:35] EDIT shoppy/views/default/show_cart.html: -2
[2015-05-03 14:47:39] EDIT shoppy/views/default/show_cart.html: 2
[2015-05-03 14:47:59] EDIT shoppy/views/default/dresses.html: 1
[2015-05-03 14:48:57] EDIT shoppy/views/default/show_cart.html: 0
[2015-05-03 14:49:17] EDIT shoppy/views/default/show_cart.html: 0
[2015-05-03 14:49:27] EDIT shoppy/views/default/show_cart.html: 0
[2015-05-03 14:49:58] EDIT shoppy/views/default/show_cart.html: 0
[2015-05-03 14:50:15] EDIT shoppy/views/default/show_cart.html: 0
[2015-05-03 14:50:39] EDIT shoppy/views/default/show_cart.html: 0
[2015-05-03 14:50:53] EDIT shoppy/views/default/show_cart.html: 0
[2015-05-03 14:51:24] EDIT shoppy/views/default/show_cart.html: 0
[2015-05-03 14:51:57] EDIT shoppy/views/default/show_cart.html: 0
[2015-05-03 14:52:13] EDIT shoppy/views/default/show_cart.html: 0
[2015-05-03 14:52:47] EDIT shoppy/views/default/show_cart.html: 0
[2015-05-03 14:53:04] EDIT shoppy/views/default/show_cart.html: 0
[2015-05-03 14:54:37] EDIT shoppy/views/default/show_cart.html: 0
[2015-05-03 14:54:59] EDIT shoppy/views/default/show_cart.html: 0
[2015-05-03 14:55:24] EDIT shoppy/views/default/show_cart.html: 0
[2015-05-03 14:55:42] EDIT shoppy/views/default/show_cart.html: 0
[2015-05-03 14:56:07] EDIT shoppy/views/default/show_cart.html: 0
[2015-05-03 15:07:31] EDIT shoppy/views/default/show_cart.html: 9
[2015-05-03 15:07:48] EDIT shoppy/views/default/show_cart.html: 0
[2015-05-03 15:08:15] EDIT shoppy/views/default/show_cart.html: -2
[2015-05-03 15:10:12] EDIT shoppy/views/default/show_cart.html: 3
[2015-05-03 15:11:30] EDIT shoppy/views/default/show_cart.html: 1
[2015-05-03 15:14:27] EDIT shoppy/views/default/show_cart.html: 0
[2015-05-03 15:15:00] EDIT shoppy/views/default/show_cart.html: 0
[2015-05-03 15:17:03] EDIT shoppy/views/default/show_cart.html: 0
[2015-05-03 15:20:32] EDIT shoppy/views/default/show_cart.html: -5
[2015-05-03 15:25:31] EDIT shoppy/views/default/show_cart.html: 0
[2015-05-03 15:26:00] EDIT shoppy/views/default/show_cart.html: 0
[2015-05-03 15:29:25] EDIT shoppy/views/default/show_cart.html: 7
[2015-05-03 15:30:01] EDIT shoppy/views/default/show_cart.html: 0
[2015-05-03 15:31:28] EDIT shoppy/views/default/show_cart.html: 1
[2015-05-03 15:31:51] EDIT shoppy/views/default/show_cart.html: 0
[2015-05-03 15:32:11] EDIT shoppy/views/default/show_cart.html: 0
[2015-05-03 15:32:34] EDIT shoppy/views/default/show_cart.html: 0
[2015-05-03 15:35:01] EDIT shoppy/controllers/default.py: 1
[2015-05-03 15:36:07] EDIT shoppy/controllers/default.py: 2
[2015-05-03 15:36:27] EDIT shoppy/controllers/default.py: 0
[2015-05-03 15:37:19] EDIT shoppy/controllers/default.py: 0
[2015-05-03 15:40:43] EDIT shoppy/controllers/default.py: 0
[2015-05-03 15:41:10] EDIT shoppy/views/default/dresses.html: -1
[2015-05-03 15:43:47] EDIT shoppy/views/default/show_cart.html: 2
[2015-05-03 15:44:13] EDIT shoppy/views/default/show_cart.html: 0
[2015-05-03 15:55:34] EDIT shoppy/controllers/default.py: 4
[2015-05-03 15:57:34] EDIT shoppy/controllers/default.py: 0
[2015-05-03 16:01:00] EDIT shoppy/views/default/show_cart.html: 0
[2015-05-03 16:01:03] EDIT shoppy/views/default/dresses.html: 0
[2015-05-03 16:01:25] EDIT shoppy/views/default/showitems.html: 1
[2015-05-03 16:01:42] EDIT shoppy/views/default/jumpsuit.html: 1
[2015-05-03 16:02:05] EDIT shoppy/views/default/kurti.html: 1
[2015-05-03 16:02:16] EDIT shoppy/views/default/footwear.html: 1
[2015-05-03 16:02:21] EDIT shoppy/views/default/salwar_kameez.html: 1
[2015-05-03 16:02:49] EDIT shoppy/views/default/tops_tunic.html: 2
[2015-05-03 16:03:07] EDIT shoppy/views/default/sarees.html: 2
[2015-05-03 16:03:22] EDIT shoppy/views/default/kurti.html: 1
[2015-05-03 16:03:44] EDIT shoppy/views/default/sarees.html: 1
[2015-05-03 16:03:48] EDIT shoppy/views/default/kurti.html: 0
[2015-05-03 16:04:02] EDIT shoppy/views/default/sarees.html: 1
[2015-05-03 16:04:18] EDIT shoppy/views/default/dresses.html: 0
[2015-05-03 16:05:12] EDIT shoppy/views/default/showitems.html: 0
[2015-05-03 16:06:16] EDIT shoppy/views/default/showitems.html: 0
[2015-05-03 16:06:20] EDIT shoppy/controllers/default.py: 0
[2015-05-03 16:14:55] EDIT shoppy/views/default/show_cart.html: 1
[2015-05-03 16:17:15] EDIT shoppy/views/default/show_cart.html: 2
[2015-05-03 16:18:23] EDIT shoppy/controllers/default.py: 1
[2015-05-03 16:18:29] EDIT shoppy/controllers/default.py: -1
[2015-05-03 16:22:07] CREATE default/checkout.html: 0
[2015-05-03 16:22:31] EDIT shoppy/controllers/default.py: 10
[2015-05-03 16:22:46] EDIT shoppy/controllers/default.py: 0
[2015-05-03 16:22:52] EDIT shoppy/views/default/show_cart.html: 0
[2015-05-03 16:22:56] EDIT shoppy/views/default/dresses.html: 0
[2015-05-03 16:24:05] EDIT shoppy/views/default/checkout.html: 24
[2015-05-03 16:26:03] EDIT shoppy/views/default/checkout.html: 1
[2015-05-03 16:26:49] EDIT shoppy/controllers/default.py: 0
[2015-05-03 16:27:50] EDIT shoppy/controllers/default.py: 0
[2015-05-03 16:28:09] DELETE shoppy/views/default/showbooks.html: -23
[2015-05-03 16:28:22] DELETE shoppy/views/default/showdresses.html: -23
[2015-05-03 16:28:30] DELETE shoppy/views/default/showfootwear.html: -23
[2015-05-03 16:28:37] DELETE shoppy/views/default/showjumpsuit.html: -23
[2015-05-03 16:28:48] DELETE shoppy/views/default/showtops_tunic.html: -23
[2015-05-03 16:28:55] DELETE shoppy/views/default/showkurti.html: -23
[2015-05-03 16:29:43] EDIT shoppy/models/db.py: -18
[2015-05-03 16:30:57] EDIT shoppy/controllers/default.py: 3
[2015-05-03 16:31:04] EDIT shoppy/controllers/default.py: -1
[2015-05-03 16:31:42] EDIT shoppy/views/default/checkout.html: 1
[2015-05-03 16:45:07] EDIT shoppy/models/db.py: 1
[2015-05-03 16:46:11] EDIT shoppy/controllers/default.py: 3
[2015-05-03 16:46:27] CREATE default/payment.html: 0
[2015-05-03 16:50:09] EDIT shoppy/views/default/payment.html: 4
[2015-05-03 16:50:31] EDIT shoppy/views/default/payment.html: 1
[2015-05-03 16:51:47] EDIT shoppy/views/default/payment.html: 1
[2015-05-03 19:14:55] EDIT shoppy/controllers/default.py: 3
[2015-05-03 19:15:21] EDIT shoppy/controllers/default.py: 1
[2015-05-03 19:15:30] EDIT shoppy/controllers/default.py: 0
[2015-05-03 19:37:36] EDIT shoppy/models/db.py: 0
[2015-05-03 19:37:51] EDIT shoppy/models/db.py: -1
[2015-05-03 21:24:31] EDIT shoppy/controllers/default.py: 0
[2015-05-03 21:28:36] EDIT shoppy/views/default/payment.html: 1
[2015-05-03 21:28:59] EDIT shoppy/views/default/payment.html: -1
[2015-05-03 21:43:33] EDIT shoppy/views/default/payment.html: 3
[2015-05-03 21:44:15] EDIT shoppy/views/default/payment.html: 1
[2015-05-03 21:44:44] EDIT shoppy/views/default/payment.html: 0
[2015-05-03 21:51:03] EDIT shoppy/controllers/default.py: -3
[2015-05-03 21:56:58] EDIT shoppy/controllers/default.py: 12
[2015-05-03 21:58:18] EDIT shoppy/controllers/default.py: 1
[2015-05-03 21:58:36] EDIT shoppy/controllers/default.py: 1
[2015-05-03 22:00:46] EDIT shoppy/views/default/payment.html: 1
[2015-05-03 22:02:03] EDIT shoppy/controllers/default.py: 0
[2015-05-03 22:02:26] EDIT shoppy/controllers/default.py: -83
[2015-05-03 22:05:40] EDIT shoppy/controllers/default.py: 83
[2015-05-03 22:06:10] EDIT shoppy/controllers/default.py: -83
[2015-05-03 22:08:28] EDIT shoppy/controllers/default.py: -2
[2015-05-03 22:10:37] EDIT shoppy/controllers/default.py: 0
[2015-05-03 22:12:09] EDIT shoppy/controllers/default.py: 0
[2015-05-03 22:12:18] EDIT shoppy/controllers/default.py: 0
[2015-05-03 22:22:10] EDIT shoppy/models/db.py: 0
[2015-05-03 22:22:19] EDIT shoppy/controllers/default.py: 4
[2015-05-03 22:23:44] EDIT shoppy/controllers/default.py: 1
[2015-05-03 22:24:15] EDIT shoppy/controllers/default.py: 1
[2015-05-03 22:25:13] EDIT shoppy/controllers/default.py: 1
[2015-05-03 22:27:00] EDIT shoppy/controllers/default.py: 0
[2015-05-03 22:27:20] EDIT shoppy/controllers/default.py: 0
[2015-05-03 22:27:56] EDIT shoppy/models/db.py: 0
[2015-05-03 22:29:22] EDIT shoppy/controllers/default.py: 0
[2015-05-03 22:31:24] EDIT shoppy/controllers/default.py: 0
[2015-05-03 22:36:48] EDIT shoppy/controllers/default.py: 0
[2015-05-03 22:38:34] EDIT shoppy/controllers/default.py: 0
[2015-05-03 22:39:18] EDIT shoppy/controllers/default.py: 0
[2015-05-03 22:44:03] EDIT shoppy/controllers/default.py: 0
[2015-05-03 22:44:53] EDIT shoppy/controllers/default.py: 0
[2015-05-03 22:46:36] EDIT shoppy/controllers/default.py: 0
[2015-05-04 00:11:16] EDIT shoppy/controllers/default.py: 0
[2015-05-04 00:14:39] EDIT shoppy/controllers/default.py: 0
[2015-05-04 00:27:56] EDIT shoppy/controllers/default.py: 0
[2015-05-04 00:28:29] EDIT shoppy/controllers/default.py: 0
[2015-05-04 11:27:25] EDIT shoppy/controllers/default.py: 0
[2015-05-04 11:27:42] EDIT shoppy/controllers/default.py: 0
[2015-05-04 11:28:46] CREATE default/sell.html: 0
[2015-05-04 11:30:13] EDIT shoppy/controllers/default.py: 0
[2015-05-04 11:30:26] EDIT shoppy/controllers/default.py: 0
[2015-05-04 11:36:38] EDIT shoppy/controllers/default.py: 0
[2015-05-04 11:41:25] EDIT shoppy/controllers/default.py: 1
[2015-05-04 11:43:32] EDIT shoppy/controllers/default.py: 0
[2015-05-04 12:38:15] EDIT shoppy/controllers/default.py: 0
[2015-05-04 12:43:03] EDIT shoppy/views/default/jumpsuit.html: 4
[2015-05-04 12:43:53] UPLOAD /home/ashi/web2py/applications/shoppy/static/outofstock.png: 575
[2015-05-04 12:44:29] UPLOAD /home/ashi/web2py/applications/shoppy/static/images/outofstock.png: 575
[2015-05-04 12:44:48] EDIT shoppy/views/default/jumpsuit.html: 0
[2015-05-04 12:47:08] DELETE shoppy/static/images/outofstock.png: -575
[2015-05-04 12:47:36] UPLOAD /home/ashi/web2py/applications/shoppy/static/images/outofstock.png: 72
[2015-05-04 12:48:54] EDIT shoppy/views/default/kurti.html: 4
[2015-05-04 12:49:14] EDIT shoppy/views/default/footwear.html: 4
[2015-05-04 12:49:21] EDIT shoppy/views/default/footwear.html: 0
[2015-05-04 12:49:49] EDIT shoppy/views/default/salwar_kameez.html: 4
[2015-05-04 12:50:08] EDIT shoppy/views/default/book.html: 4
[2015-05-04 12:50:27] EDIT shoppy/views/default/tops_tunic.html: 4
[2015-05-04 12:50:57] EDIT shoppy/views/default/sarees.html: 4
[2015-05-04 12:51:19] EDIT shoppy/views/default/dresses.html: 4
[2015-05-04 21:02:20] EDIT shoppy/models/db.py: 0
[2015-05-04 21:08:34] EDIT shoppy/views/default/jumpsuit.html: 1
[2015-05-04 21:08:53] EDIT shoppy/views/default/kurti.html: 1
[2015-05-04 21:09:09] EDIT shoppy/views/default/footwear.html: 1
[2015-05-04 21:09:21] EDIT shoppy/views/default/salwar_kameez.html: 1
[2015-05-04 21:09:31] EDIT shoppy/views/default/book.html: 1
[2015-05-04 21:09:41] EDIT shoppy/views/default/tops_tunic.html: 1
[2015-05-04 21:09:59] EDIT shoppy/views/default/womenclothing.html: 1
[2015-05-04 21:10:21] EDIT shoppy/views/default/sarees.html: 1
[2015-05-04 21:10:30] EDIT shoppy/views/default/dresses.html: 1
[2015-05-04 21:12:09] EDIT shoppy/views/default/main_page.html: 1
[2015-05-04 21:14:14] EDIT shoppy/controllers/default.py: 4
[2015-05-04 21:15:41] EDIT shoppy/views/default/show_cart.html: 1
[2015-05-04 21:16:46] EDIT shoppy/views/default/show_cart.html: 0
[2015-05-04 21:18:10] EDIT shoppy/controllers/default.py: 3
[2015-05-04 21:18:49] EDIT shoppy/views/default/show_cart.html: 0
[2015-05-04 21:19:09] EDIT shoppy/views/default/show_cart.html: 0
[2015-05-04 21:19:55] EDIT shoppy/controllers/default.py: 0
[2015-05-04 21:20:35] EDIT shoppy/controllers/default.py: 0
[2015-05-04 21:23:45] CREATE default/previous_buys.html: 0
[2015-05-04 21:27:52] EDIT shoppy/models/db.py: 0
[2015-05-04 21:29:54] EDIT shoppy/models/db.py: 0
[2015-05-04 21:30:00] EDIT shoppy/views/default/jumpsuit.html: 0
[2015-05-04 21:30:04] EDIT shoppy/views/default/previous_buys.html: -2
[2015-05-04 21:30:08] EDIT shoppy/views/default/show_cart.html: 0
[2015-05-04 21:30:11] EDIT shoppy/views/default/main_page.html: 0
[2015-05-04 21:30:16] EDIT shoppy/controllers/default.py: 0
[2015-05-04 21:38:45] EDIT shoppy/models/db.py: 0
[2015-05-04 21:39:01] EDIT shoppy/models/db.py: 0
[2015-05-04 21:48:19] EDIT shoppy/controllers/default.py: 5
[2015-05-04 21:48:28] EDIT shoppy/controllers/default.py: 0
[2015-05-04 21:48:31] EDIT shoppy/controllers/default.py: 0
[2015-05-04 21:48:32] EDIT shoppy/controllers/default.py: 0
[2015-05-04 21:50:16] EDIT shoppy/controllers/default.py: 0
[2015-05-04 21:50:38] EDIT shoppy/models/db.py: 0
[2015-05-04 21:51:10] EDIT shoppy/controllers/default.py: 0
[2015-05-04 21:51:45] EDIT shoppy/controllers/default.py: 0
[2015-05-04 21:58:02] EDIT shoppy/controllers/default.py: 0
[2015-05-04 21:59:13] EDIT shoppy/controllers/default.py: 0
[2015-05-04 22:04:40] EDIT shoppy/controllers/default.py: 0
[2015-05-04 22:05:16] EDIT shoppy/models/db.py: 0
[2015-05-04 22:05:17] EDIT shoppy/models/db.py: 0
[2015-05-04 22:05:17] EDIT shoppy/models/db.py: 0
[2015-05-04 22:05:17] EDIT shoppy/models/db.py: 0
[2015-05-04 22:05:18] EDIT shoppy/models/db.py: 0
[2015-05-04 22:05:18] EDIT shoppy/models/db.py: 0
[2015-05-04 22:05:18] EDIT shoppy/models/db.py: 0
[2015-05-04 22:05:18] EDIT shoppy/models/db.py: 0
[2015-05-04 22:05:18] EDIT shoppy/models/db.py: 0
[2015-05-04 22:05:19] EDIT shoppy/models/db.py: 0
[2015-05-04 22:05:19] EDIT shoppy/models/db.py: 0
[2015-05-04 22:05:19] EDIT shoppy/models/db.py: 0
[2015-05-04 22:05:19] EDIT shoppy/models/db.py: 0
[2015-05-04 22:07:21] EDIT shoppy/models/db.py: -1
[2015-05-04 22:07:50] EDIT shoppy/models/db.py: 1
[2015-05-04 22:09:34] EDIT shoppy/models/db.py: 0
[2015-05-04 22:10:48] EDIT shoppy/controllers/default.py: 0
[2015-05-04 22:11:49] EDIT shoppy/controllers/default.py: 0
[2015-05-04 22:12:57] EDIT shoppy/controllers/default.py: 0
[2015-05-04 22:13:45] EDIT shoppy/controllers/default.py: 0
[2015-05-04 22:26:06] EDIT shoppy/views/default/previous_buys.html: 28
[2015-05-04 22:26:39] EDIT shoppy/views/default/previous_buys.html: 0
[2015-05-04 22:27:10] EDIT shoppy/views/default/previous_buys.html: 0
[2015-05-04 22:27:21] EDIT shoppy/views/default/previous_buys.html: 0
[2015-05-04 22:27:51] EDIT shoppy/views/default/previous_buys.html: 0
[2015-05-04 22:27:57] EDIT shoppy/views/default/previous_buys.html: 0
[2015-05-04 22:30:17] EDIT shoppy/views/default/previous_buys.html: -2
[2015-05-04 22:30:39] EDIT shoppy/views/default/previous_buys.html: 0
[2015-05-04 22:31:12] EDIT shoppy/views/default/previous_buys.html: -1
[2015-05-04 22:33:03] EDIT shoppy/controllers/default.py: 0
[2015-05-04 22:34:18] EDIT shoppy/controllers/default.py: 0
[2015-05-04 22:37:43] EDIT shoppy/controllers/default.py: 0
[2015-05-04 22:38:08] EDIT shoppy/controllers/default.py: 0
[2015-05-04 22:38:11] EDIT shoppy/views/default/previous_buys.html: 0
[2015-05-04 22:38:14] EDIT shoppy/views/default/show_cart.html: 0
[2015-05-04 22:38:18] EDIT shoppy/views/default/jumpsuit.html: 0
[2015-05-04 22:44:44] EDIT shoppy/controllers/default.py: 0
[2015-05-04 22:46:59] EDIT shoppy/controllers/default.py: 0
[2015-05-04 22:48:32] EDIT shoppy/controllers/default.py: 0
[2015-05-04 22:53:25] EDIT shoppy/controllers/default.py: 0
[2015-05-04 22:54:07] EDIT shoppy/controllers/default.py: 0
[2015-05-04 22:58:12] EDIT shoppy/controllers/default.py: 1
[2015-05-04 22:59:46] EDIT shoppy/controllers/default.py: 1
[2015-05-04 23:01:05] EDIT shoppy/controllers/default.py: 0
[2015-05-04 23:01:20] EDIT shoppy/controllers/default.py: 0
[2015-05-04 23:02:29] EDIT shoppy/controllers/default.py: 1
[2015-05-04 23:02:34] EDIT shoppy/controllers/default.py: 0
[2015-05-04 23:25:44] EDIT shoppy/controllers/default.py: 10
[2015-05-04 23:25:57] EDIT shoppy/controllers/default.py: 0
[2015-05-04 23:26:17] CREATE default/creditcard.html: 0
[2015-05-04 23:26:31] EDIT shoppy/views/default/creditcard.html: -1
[2015-05-04 23:27:27] EDIT shoppy/controllers/default.py: 0
[2015-05-04 23:28:34] EDIT shoppy/controllers/default.py: 1
[2015-05-04 23:28:38] EDIT shoppy/controllers/default.py: 0
[2015-05-04 23:51:03] EDIT shoppy/views/default/creditcard.html: 1
[2015-05-04 23:51:37] EDIT shoppy/views/default/creditcard.html: 0
[2015-05-04 23:53:24] EDIT shoppy/controllers/default.py: 2
[2015-05-04 23:54:56] EDIT shoppy/views/default/creditcard.html: -1
[2015-05-04 23:56:40] EDIT shoppy/controllers/default.py: 1
[2015-05-05 00:00:47] EDIT shoppy/controllers/default.py: 12
[2015-05-05 00:02:06] EDIT shoppy/controllers/default.py: 17
[2015-05-05 00:02:13] EDIT shoppy/controllers/default.py: 0
[2015-05-05 00:04:26] EDIT shoppy/controllers/default.py: 3
[2015-05-05 00:04:45] EDIT shoppy/controllers/default.py: 1
[2015-05-05 00:05:14] EDIT shoppy/controllers/default.py: 0
[2015-05-05 00:07:24] EDIT shoppy/controllers/default.py: 0
[2015-05-05 00:09:44] EDIT shoppy/controllers/default.py: 0
[2015-05-05 00:10:06] EDIT shoppy/controllers/default.py: 0
[2015-05-05 00:12:34] EDIT shoppy/controllers/default.py: 1
[2015-05-05 00:15:33] EDIT shoppy/controllers/default.py: 0
[2015-05-05 00:16:17] EDIT shoppy/controllers/default.py: 1
[2015-05-05 00:19:13] EDIT shoppy/controllers/default.py: -14
[2015-05-05 00:23:11] EDIT shoppy/controllers/default.py: 0
[2015-05-05 00:24:15] EDIT shoppy/controllers/default.py: 0
[2015-05-05 00:37:07] EDIT shoppy/controllers/default.py: 0
[2015-05-05 00:39:06] EDIT shoppy/controllers/default.py: 0
[2015-05-05 00:42:27] EDIT shoppy/controllers/default.py: 0
[2015-05-05 00:43:19] EDIT shoppy/controllers/default.py: 0
[2015-05-05 00:44:20] EDIT shoppy/controllers/default.py: 0
[2015-05-05 00:56:30] EDIT shoppy/models/db.py: 0
[2015-05-05 00:56:49] EDIT shoppy/models/db.py: 0
[2015-05-05 01:04:56] EDIT shoppy/models/db.py: 0
[2015-05-05 01:05:19] CREATE default/tshirts.html: 0
[2015-05-05 01:05:27] CREATE default/trousers.html: 0
[2015-05-05 01:05:36] CREATE default/shorts.html: 0
[2015-05-05 01:05:56] CREATE default/ethnic.html: 0
[2015-05-05 01:06:02] CREATE default/jeans.html: 0
[2015-05-05 01:06:13] CREATE default/formal.html: 0
[2015-05-05 01:06:23] CREATE default/suits.html: 0
[2015-05-05 01:07:03] EDIT shoppy/views/default/tshirts.html: 28
[2015-05-05 01:07:19] EDIT shoppy/views/default/trousers.html: 28
[2015-05-05 01:07:40] EDIT shoppy/views/default/shorts.html: 28
[2015-05-05 01:07:54] EDIT shoppy/views/default/ethnic.html: 28
[2015-05-05 01:08:10] EDIT shoppy/views/default/jeans.html: 28
[2015-05-05 01:08:22] EDIT shoppy/views/default/formal.html: 28
[2015-05-05 01:08:41] EDIT shoppy/views/default/suits.html: 28
[2015-05-05 01:08:53] EDIT shoppy/views/default/suits.html: 0
[2015-05-05 01:12:04] EDIT shoppy/controllers/default.py: 21
[2015-05-05 01:12:07] EDIT shoppy/controllers/default.py: 0
[2015-05-05 01:13:42] EDIT shoppy/views/default/menclothing.html: 0
[2015-05-05 01:29:00] EDIT shoppy/models/menu.py: -3
[2015-05-05 01:29:08] EDIT shoppy/models/menu.py: 0
[2015-05-05 01:29:13] EDIT shoppy/views/default/footwear.html: 0
[2015-05-05 01:30:36] EDIT shoppy/views/layout.html: 0
[2015-05-05 01:42:32] EDIT shoppy/views/default/main_page.html: 28
[2015-05-05 01:46:44] EDIT shoppy/views/layout.html: 0
[2015-05-05 01:46:57] EDIT shoppy/views/layout.html: 0
[2015-05-05 01:48:16] EDIT shoppy/controllers/default.py: 2
[2015-05-05 01:50:29] EDIT shoppy/controllers/default.py: 0
[2015-05-05 01:51:10] EDIT shoppy/static/css/shipping.css: 0
[2015-05-05 01:53:30] CREATE default/shipping.html: 0
[2015-05-05 01:53:36] EDIT shoppy/views/default/shipping.html: 73
[2015-05-05 01:53:38] EDIT shoppy/views/default/shipping.html: 0
[2015-05-05 01:54:40] CREATE default/helpp.html: 0
[2015-05-05 01:55:02] EDIT shoppy/controllers/default.py: 2
[2015-05-05 01:56:38] EDIT shoppy/static/css/helpp.css: 0
[2015-05-05 01:57:29] EDIT shoppy/views/default/helpp.html: 24
[2015-05-05 01:57:35] EDIT shoppy/views/default/helpp.html: 0
[2015-05-05 01:58:24] EDIT shoppy/controllers/default.py: 2
[2015-05-05 01:59:51] CREATE default/contact.html: 0
[2015-05-05 01:59:57] EDIT shoppy/views/default/contact.html: 44
[2015-05-05 02:01:43] EDIT shoppy/controllers/default.py: 32
[2015-05-05 02:01:49] EDIT shoppy/controllers/default.py: -1
[2015-05-05 02:02:16] EDIT shoppy/controllers/default.py: -17
[2015-05-05 02:02:17] EDIT shoppy/controllers/default.py: 0
[2015-05-05 02:04:04] CREATE default/gridd.html: 0
[2015-05-05 02:04:08] EDIT shoppy/views/default/gridd.html: 11
[2015-05-05 02:04:53] EDIT shoppy/controllers/default.py: 0
[2015-05-05 02:05:06] EDIT shoppy/controllers/default.py: 0
[2015-05-05 02:07:22] EDIT shoppy/controllers/default.py: 0
[2015-05-05 02:57:07] UPLOAD /home/ashi/web2py/applications/shoppy/static/images/back.png: 4
[2015-05-05 02:57:39] EDIT shoppy/views/default/main_page.html: 0
[2015-05-05 02:58:16] EDIT shoppy/views/default/main_page.html: 0
[2015-05-05 02:59:50] UPLOAD /home/ashi/web2py/applications/shoppy/static/images/back1.gif: 69
[2015-05-05 03:01:47] EDIT shoppy/views/default/menclothing.html: 1
[2015-05-05 03:02:48] EDIT shoppy/views/default/menclothing.html: 0
[2015-05-05 03:03:34] EDIT shoppy/views/default/menclothing.html: 1
[2015-05-05 03:03:42] EDIT shoppy/views/default/menclothing.html: 2
[2015-05-05 03:04:28] EDIT shoppy/views/default/womenclothing.html: 4
[2015-05-05 03:04:47] EDIT shoppy/views/default/womenclothing.html: 0
[2015-05-05 03:09:39] UPLOAD /home/ashi/web2py/applications/shoppy/static/images/images.jpeg: 22
[2015-05-05 03:17:06] UPLOAD /home/ashi/web2py/applications/shoppy/static/images/back2.jpg: 79
[2015-05-05 03:17:17] EDIT shoppy/views/default/menclothing.html: 0
[2015-05-05 03:17:22] EDIT shoppy/views/default/menclothing.html: 0
[2015-05-05 03:18:07] EDIT shoppy/views/default/womenclothing.html: 0
[2015-05-05 03:29:50] EDIT shoppy/views/default/payment.html: 4
[2015-05-05 03:30:25] EDIT shoppy/views/default/jumpsuit.html: 4
[2015-05-05 03:30:58] EDIT shoppy/views/default/previous_buys.html: 4
[2015-05-05 03:31:30] EDIT shoppy/views/default/salwar_kameez.html: 4
[2015-05-05 03:33:06] EDIT shoppy/views/default/sarees.html: 4
[2015-05-05 03:33:17] EDIT shoppy/views/default/sarees.html: 0
[2015-05-05 03:34:04] EDIT shoppy/views/default/sarees.html: 0
[2015-05-05 03:34:24] EDIT shoppy/views/default/sarees.html: 0
[2015-05-05 03:34:33] EDIT shoppy/views/default/sarees.html: 0
[2015-05-05 03:34:44] EDIT shoppy/views/default/sarees.html: 0
[2015-05-05 03:35:00] EDIT shoppy/views/default/sarees.html: 0
[2015-05-05 03:35:22] EDIT shoppy/views/default/sarees.html: 0
[2015-05-05 03:35:44] EDIT shoppy/views/default/sarees.html: 0
[2015-05-05 03:36:00] EDIT shoppy/views/default/sarees.html: 0
[2015-05-05 03:36:09] EDIT shoppy/views/default/sarees.html: 0
[2015-05-05 03:36:51] EDIT shoppy/views/default/sell.html: 4
[2015-05-05 03:37:00] EDIT shoppy/views/default/sell.html: 0
[2015-05-05 03:37:52] EDIT shoppy/views/default/shorts.html: 4
[2015-05-05 03:38:05] EDIT shoppy/views/default/show_cart.html: 4
[2015-05-05 03:39:59] EDIT shoppy/views/default/showitems.html: 4
[2015-05-05 03:40:15] EDIT shoppy/views/default/showsalwar_kameez.html: 4
[2015-05-05 03:40:34] EDIT shoppy/views/default/suits.html: 4
[2015-05-05 03:41:16] EDIT shoppy/views/default/suits.html: 0
[2015-05-05 03:41:38] EDIT shoppy/views/default/tops_tunic.html: 4
[2015-05-05 03:41:52] EDIT shoppy/views/default/trousers.html: 4
[2015-05-05 03:42:12] EDIT shoppy/views/default/trousers.html: 0
[2015-05-05 03:42:22] EDIT shoppy/views/default/tshirts.html: 4
[2015-05-05 03:42:37] EDIT shoppy/views/default/user.html: 4
[2015-05-05 03:42:53] EDIT shoppy/views/default/book.html: 4
[2015-05-05 03:43:03] EDIT shoppy/views/default/checkout.html: 4
[2015-05-05 03:43:09] EDIT shoppy/views/default/checkout.html: 0
[2015-05-05 03:43:14] EDIT shoppy/views/default/contact.html: 0
[2015-05-05 03:43:27] EDIT shoppy/views/default/creditcard.html: 4
[2015-05-05 03:43:37] EDIT shoppy/views/default/display_form.html: 4
[2015-05-05 03:43:46] EDIT shoppy/views/default/dresses.html: 4
[2015-05-05 03:43:54] EDIT shoppy/views/default/ethnic.html: 4
[2015-05-05 03:45:23] EDIT shoppy/views/default/ethnic.html: 0
[2015-05-05 03:45:34] EDIT shoppy/views/default/book.html: 0
[2015-05-05 03:45:54] EDIT shoppy/views/default/checkout.html: 0
[2015-05-05 03:46:14] EDIT shoppy/views/default/creditcard.html: 0
[2015-05-05 03:46:32] EDIT shoppy/views/default/dresses.html: 0
[2015-05-05 03:47:50] EDIT shoppy/views/default/book.html: 0
[2015-05-05 03:49:34] EDIT shoppy/views/default/checkout.html: 0
[2015-05-05 03:49:55] EDIT shoppy/views/default/contact.html: 0
[2015-05-05 03:50:26] EDIT shoppy/views/default/creditcard.html: 0
[2015-05-05 03:50:39] EDIT shoppy/views/default/dresses.html: 0
[2015-05-05 03:50:52] EDIT shoppy/views/default/ethnic.html: 0
[2015-05-05 03:51:24] EDIT shoppy/views/default/footwear.html: 2
[2015-05-05 03:51:34] EDIT shoppy/views/default/formal.html: 2
[2015-05-05 03:51:45] EDIT shoppy/views/default/gridd.html: 2
[2015-05-05 03:51:52] EDIT shoppy/views/default/helpp.html: 0
[2015-05-05 03:52:07] EDIT shoppy/views/default/jeans.html: 2
[2015-05-05 03:52:35] EDIT shoppy/views/default/main_page.html: 0
[2015-05-05 03:52:45] EDIT shoppy/views/default/menclothing.html: 0
[2015-05-05 03:53:03] EDIT shoppy/views/default/kurti.html: 2
[2015-05-05 03:53:09] EDIT shoppy/views/default/jumpsuit.html: 0
[2015-05-05 03:54:23] EDIT shoppy/views/default/payment.html: 0
[2015-05-05 03:54:39] EDIT shoppy/views/default/payment.html: 0
[2015-05-05 03:54:44] EDIT shoppy/views/default/previous_buys.html: 0
[2015-05-05 03:54:48] EDIT shoppy/views/default/retailer_option.html: 0
[2015-05-05 03:54:54] EDIT shoppy/views/default/salwar_kameez.html: 0
[2015-05-05 03:55:03] EDIT shoppy/views/default/sarees.html: 0
[2015-05-05 03:55:17] EDIT shoppy/views/default/sell.html: 0
[2015-05-05 03:55:25] EDIT shoppy/views/default/shipping.html: 0
[2015-05-05 03:55:32] EDIT shoppy/views/default/shipping.html: 0
[2015-05-05 03:55:41] EDIT shoppy/views/default/shorts.html: 0
[2015-05-05 03:56:00] EDIT shoppy/views/default/shorts.html: 0
[2015-05-05 03:56:19] EDIT shoppy/views/default/show_cart.html: 0
[2015-05-05 03:56:37] EDIT shoppy/views/default/showitems.html: 0
[2015-05-05 03:56:55] EDIT shoppy/views/default/showsalwar_kameez.html: 0
[2015-05-05 03:57:29] EDIT shoppy/views/default/suits.html: 0
[2015-05-05 03:57:44] EDIT shoppy/views/default/tops_tunic.html: 0
[2015-05-05 03:57:59] EDIT shoppy/views/default/trousers.html: 0
[2015-05-05 03:58:16] EDIT shoppy/views/default/tshirts.html: 0
[2015-05-05 03:58:28] EDIT shoppy/views/default/womenclothing.html: 0
[2015-05-05 04:00:53] EDIT shoppy/views/default/womenclothing.html: 0
[2015-05-05 04:01:03] EDIT shoppy/views/default/womenclothing.html: 1
[2015-05-05 04:02:01] EDIT shoppy/views/default/womenclothing.html: 0
[2015-05-05 04:02:12] EDIT shoppy/views/default/book.html: 0
[2015-05-05 04:02:25] EDIT shoppy/views/default/checkout.html: 0
[2015-05-05 04:02:29] EDIT shoppy/views/default/contact.html: 0
[2015-05-05 04:03:03] EDIT shoppy/views/default/creditcard.html: 3
[2015-05-05 04:03:13] EDIT shoppy/views/default/creditcard.html: 0
[2015-05-05 04:03:23] EDIT shoppy/views/default/dresses.html: 0
[2015-05-05 04:03:31] EDIT shoppy/views/default/ethnic.html: 0
[2015-05-05 04:03:44] EDIT shoppy/views/default/footwear.html: 0
[2015-05-05 04:03:52] EDIT shoppy/views/default/formal.html: 0
[2015-05-05 04:03:59] EDIT shoppy/views/default/jeans.html: 0
[2015-05-05 04:04:08] EDIT shoppy/views/default/jumpsuit.html: 0
[2015-05-05 04:04:51] EDIT shoppy/views/default/jumpsuit.html: 0
[2015-05-05 04:04:59] EDIT shoppy/views/default/kurti.html: 0
[2015-05-05 04:05:10] EDIT shoppy/views/default/menclothing.html: 0
[2015-05-05 04:05:37] EDIT shoppy/views/default/payment.html: 3
[2015-05-05 04:05:53] EDIT shoppy/views/default/previous_buys.html: 0
[2015-05-05 04:06:01] EDIT shoppy/views/default/salwar_kameez.html: 0
[2015-05-05 04:06:09] EDIT shoppy/views/default/sarees.html: 0
[2015-05-05 04:06:24] EDIT shoppy/views/default/sell.html: -1
[2015-05-05 04:06:40] EDIT shoppy/views/default/sell.html: -1
[2015-05-05 04:06:54] EDIT shoppy/views/default/shorts.html: 0
[2015-05-05 04:07:04] EDIT shoppy/views/default/show_cart.html: 0
[2015-05-05 04:07:16] EDIT shoppy/views/default/showitems.html: 0
[2015-05-05 04:07:28] EDIT shoppy/views/default/showsalwar_kameez.html: 0
[2015-05-05 04:07:35] EDIT shoppy/views/default/suits.html: 0
[2015-05-05 04:07:44] EDIT shoppy/views/default/tops_tunic.html: 0
[2015-05-05 04:07:53] EDIT shoppy/views/default/trousers.html: 0
[2015-05-05 04:08:00] EDIT shoppy/views/default/tshirts.html: 0
[2015-05-05 04:08:05] EDIT shoppy/views/default/womenclothing.html: 0
[2015-05-05 04:11:00] EDIT shoppy/views/default/womenclothing.html: 2
[2015-05-05 04:11:35] EDIT shoppy/views/default/menclothing.html: 2
[2015-05-05 10:12:03] EDIT shoppy/views/default/dresses.html: 0
[2015-05-05 10:13:20] EDIT shoppy/views/default/dresses.html: 1
[2015-05-05 10:14:22] EDIT shoppy/views/default/dresses.html: 0
[2015-05-05 10:14:37] EDIT shoppy/views/default/dresses.html: 0
[2015-05-05 10:15:18] EDIT shoppy/views/default/sarees.html: 0
[2015-05-05 10:17:32] EDIT shoppy/views/default/dresses.html: 3
[2015-05-05 10:19:19] EDIT shoppy/views/default/dresses.html: 0
[2015-05-05 10:21:05] CREATE css/dresses: 0
[2015-05-05 10:22:31] EDIT shoppy/static/css/dresses: 3
[2015-05-05 10:22:50] EDIT shoppy/static/css/dresses: 0
[2015-05-05 10:23:17] EDIT shoppy/views/default/dresses.html: 0
[2015-05-05 10:23:27] EDIT shoppy/views/default/dresses.html: 0
[2015-05-05 10:23:30] EDIT shoppy/static/css/dresses: 0
[2015-05-05 10:37:38] EDIT shoppy/views/default/contact.html: 0
[2015-05-05 10:38:00] EDIT shoppy/views/default/contact.html: 0
[2015-05-05 10:38:06] EDIT shoppy/views/default/contact.html: 0
[2015-05-05 10:40:54] EDIT shoppy/controllers/default.py: 0
[2015-05-05 10:42:29] EDIT shoppy/controllers/default.py: 0
[2015-05-05 10:44:12] EDIT shoppy/controllers/default.py: 0
[2015-05-05 10:44:38] EDIT shoppy/controllers/default.py: 0
[2015-05-05 10:44:50] EDIT shoppy/controllers/default.py: 0
[2015-05-05 10:59:17] EDIT shoppy/controllers/default.py: 0
[2015-05-05 11:04:14] EDIT shoppy/controllers/default.py: 0
[2015-05-05 12:49:24] EDIT shoppy/controllers/default.py: 0
[2015-05-05 12:49:50] EDIT shoppy/controllers/default.py: 0
[2015-05-05 12:52:07] EDIT shoppy/controllers/default.py: 0
[2015-05-05 12:58:54] EDIT shoppy/controllers/default.py: 0
[2015-05-05 13:02:16] EDIT shoppy/controllers/default.py: 0
[2015-05-05 13:04:45] EDIT shoppy/controllers/default.py: 1
[2015-05-05 13:07:31] EDIT shoppy/controllers/default.py: 0
[2015-05-05 13:10:11] EDIT shoppy/views/default/main_page.html: 1
[2015-05-05 13:10:17] EDIT shoppy/views/default/main_page.html: 0
[2015-05-05 13:13:52] EDIT shoppy/controllers/default.py: 0
[2015-05-05 13:14:09] EDIT shoppy/controllers/default.py: 0
[2015-05-05 13:15:24] EDIT shoppy/controllers/default.py: -1
[2015-05-05 13:15:33] EDIT shoppy/controllers/default.py: 0
[2015-05-05 13:18:27] EDIT shoppy/controllers/default.py: 0
[2015-05-05 13:18:48] EDIT shoppy/controllers/default.py: 0
[2015-05-05 13:21:36] EDIT shoppy/controllers/default.py: 0
[2015-05-05 13:22:46] EDIT shoppy/controllers/default.py: 0
[2015-05-05 13:30:55] EDIT shoppy/views/default/book.html: 0
[2015-05-05 13:31:14] EDIT shoppy/views/default/book.html: 0
[2015-05-05 13:31:40] EDIT shoppy/views/default/book.html: 0
[2015-05-05 13:32:03] EDIT shoppy/views/default/book.html: 0
[2015-05-05 13:32:43] EDIT shoppy/views/default/shorts.html: 0
[2015-05-05 13:32:54] EDIT shoppy/views/default/shorts.html: 0
[2015-05-05 13:33:01] EDIT shoppy/views/default/book.html: 0
[2015-05-05 13:33:10] EDIT shoppy/views/default/shorts.html: 0
[2015-05-05 13:33:26] EDIT shoppy/views/default/ethnic.html: 0
[2015-05-05 13:33:46] EDIT shoppy/views/default/showitems.html: 0
[2015-05-05 13:33:55] EDIT shoppy/views/default/showitems.html: 0
[2015-05-05 13:34:15] EDIT shoppy/views/default/trousers.html: 0
[2015-05-05 13:34:36] EDIT shoppy/views/default/jumpsuit.html: 0
[2015-05-05 13:34:50] EDIT shoppy/views/default/kurti.html: 0
[2015-05-05 13:35:11] EDIT shoppy/views/default/suits.html: 0
[2015-05-05 13:35:40] EDIT shoppy/views/default/footwear.html: 0
[2015-05-05 13:36:08] EDIT shoppy/views/default/salwar_kameez.html: 0
[2015-05-05 13:36:28] EDIT shoppy/views/default/jeans.html: 0
[2015-05-05 13:36:57] EDIT shoppy/views/default/tops_tunic.html: 0
[2015-05-05 13:37:19] EDIT shoppy/views/default/sarees.html: 0
[2015-05-05 13:37:36] EDIT shoppy/views/default/tshirts.html: 0
[2015-05-05 13:37:40] EDIT shoppy/views/default/tshirts.html: 0
[2015-05-05 13:37:45] EDIT shoppy/views/default/tshirts.html: 0
[2015-05-05 13:37:47] EDIT shoppy/views/default/tshirts.html: 0
[2015-05-05 13:38:05] EDIT shoppy/views/default/formal.html: 0
[2015-05-05 13:38:28] EDIT shoppy/views/default/dresses.html: 0
[2015-05-05 13:47:18] EDIT shoppy/views/default/dresses.html: 0
[2015-05-05 13:47:34] EDIT shoppy/views/default/dresses.html: 0
[2015-05-05 13:47:56] EDIT shoppy/views/default/shorts.html: 0
[2015-05-05 13:48:38] EDIT shoppy/views/default/ethnic.html: 0
[2015-05-05 13:48:54] EDIT shoppy/views/default/showitems.html: 0
[2015-05-05 13:49:13] EDIT shoppy/views/default/trousers.html: 0
[2015-05-05 13:49:29] EDIT shoppy/views/default/jumpsuit.html: 0
[2015-05-05 13:49:43] EDIT shoppy/views/default/kurti.html: 0
[2015-05-05 13:55:45] EDIT shoppy/views/default/suits.html: 0
[2015-05-05 13:56:22] EDIT shoppy/views/default/salwar_kameez.html: 0
[2015-05-05 13:56:39] EDIT shoppy/views/default/jeans.html: 0
[2015-05-05 13:56:58] EDIT shoppy/views/default/tops_tunic.html: 0
[2015-05-05 13:57:23] EDIT shoppy/views/default/sarees.html: 0
[2015-05-05 13:57:39] EDIT shoppy/views/default/tshirts.html: 0
[2015-05-05 13:57:54] EDIT shoppy/views/default/formal.html: 0
[2015-05-05 16:24:06] EDIT shoppy/controllers/default.py: 3
[2015-05-05 16:24:27] EDIT shoppy/controllers/default.py: 3
[2015-05-05 16:24:38] EDIT shoppy/controllers/default.py: 0
[2015-05-05 16:25:32] EDIT shoppy/controllers/default.py: 3
[2015-05-05 16:25:36] EDIT shoppy/controllers/default.py: 3
[2015-05-05 16:25:47] EDIT shoppy/controllers/default.py: 3
[2015-05-05 16:26:45] EDIT shoppy/controllers/default.py: 3
[2015-05-05 17:18:09] EDIT shoppy/controllers/default.py: -18
[2015-05-05 17:20:20] EDIT shoppy/views/default/previous_buys.html: 0
